<?xml version="1.0" encoding="UTF-8"?>
<!-- Generated by org.testng.reporters.JUnitReportReporter -->
<testsuite hostname="Ramyas-MacBook-Air.local" failures="0" tests="5" name="com.tekArchapi.tests.EndToEndTest" time="48.311" errors="0" timestamp="2022-06-08T21:54:51 CDT" skipped="1">
  <testcase classname="com.tekArchapi.tests.EndToEndTest" name="addUsers" time="17.282"/>
  <system-out/>
  <testcase classname="com.tekArchapi.tests.EndToEndTest" name="updateUsers" time="15.249"/>
  <system-out/>
  <testcase classname="com.tekArchapi.tests.EndToEndTest" name="getUsers" time="7.884"/>
  <system-out/>
  <testcase classname="com.tekArchapi.tests.EndToEndTest" name="deleteUsers" time="7.896"/>
  <system-out/>
  <testcase classname="com.tekArchapi.tests.EndToEndTest" name="loginTekarchApi">
    <skipped/>
  </testcase> <!-- loginTekarchApi -->
  <system-out/>
</testsuite> <!-- com.tekArchapi.tests.EndToEndTest -->
