<?xml version="1.0" encoding="UTF-8"?>
<!-- Generated by org.testng.reporters.JUnitReportReporter -->
<testsuite hostname="Ramyas-MacBook-Air.local" failures="0" tests="5" name="com.tekArchapi.tests.EndToEndTest" time="56.888" errors="0" timestamp="2022-06-09T12:35:20 CDT" skipped="0">
  <testcase classname="com.tekArchapi.tests.EndToEndTest" name="loginTekarchApi" time="0.815"/>
  <system-out/>
  <testcase classname="com.tekArchapi.tests.EndToEndTest" name="addUsers" time="18.895"/>
  <system-out/>
  <testcase classname="com.tekArchapi.tests.EndToEndTest" name="updateUsers" time="19.025"/>
  <system-out/>
  <testcase classname="com.tekArchapi.tests.EndToEndTest" name="getUsers" time="8.004"/>
  <system-out/>
  <testcase classname="com.tekArchapi.tests.EndToEndTest" name="deleteUsers" time="10.149"/>
  <system-out/>
</testsuite> <!-- com.tekArchapi.tests.EndToEndTest -->
